# JRE version: OpenJDK Runtime Environment Temurin-21.0.7+6 (21.0.7+6) (build 21.0.7+6-LTS)
# Java VM: OpenJDK 64-Bit Server VM Temurin-21.0.7+6 (21.0.7+6-LTS, mixed mode, sharing, tiered, compressed oops, compressed class ptrs, parallel gc, windows-amd64)
GC Precious Log:
 CardTable entry size: 512
 CPUs: 12 total, 12 available
 Memory: 7984M
 Large Page Support: Disabled
 NUMA Support: Disabled
 Compressed Oops: Enabled (32-bit)
 Alignments: Space 512K, Generation 512K, Heap 2M
 Heap Min Capacity: 100M
 Heap Initial Capacity: 100M
 Heap Max Capacity: 1G
 Pre-touch: Disabled
 Parallel Workers: 10
Heap:
 PSYoungGen      total 6656K, used 4608K [0x00000000eab00000, 0x00000000eb300000, 0x0000000100000000)
  eden space 5120K, 65% used [0x00000000eab00000,0x00000000eae42330,0x00000000eb000000)
  from space 1536K, 82% used [0x00000000eb000000,0x00000000eb13df70,0x00000000eb180000)
  to   space 1536K, 0% used [0x00000000eb180000,0x00000000eb180000,0x00000000eb300000)
 ParOldGen       total 153600K, used 153386K [0x00000000c0000000, 0x00000000c9600000, 0x00000000eab00000)
  object space 153600K, 99% used [0x00000000c0000000,0x00000000c95ca9a8,0x00000000c9600000)
 Metaspace       used 67190K, committed 68736K, reserved 1114112K
  class space    used 7124K, committed 7808K, reserved 1048576K
GC Heap History (20 events):
Event: 15.477 GC heap before
{Heap before GC invocations=84 (full 3):
 PSYoungGen      total 6656K, used 6423K [0x00000000eab00000, 0x00000000eb300000, 0x0000000100000000)
  eden space 5120K, 100% used [0x00000000eab00000,0x00000000eb000000,0x00000000eb000000)
  from space 1536K, 84% used [0x00000000eb180000,0x00000000eb2c5d98,0x00000000eb300000)
  to   space 1536K, 0% used [0x00000000eb000000,0x00000000eb000000,0x00000000eb180000)
 ParOldGen       total 141824K, used 141725K [0x00000000c0000000, 0x00000000c8a80000, 0x00000000eab00000)
  object space 141824K, 99% used [0x00000000c0000000,0x00000000c8a676f8,0x00000000c8a80000)
 Metaspace       used 66803K, committed 68416K, reserved 1114112K
  class space    used 7089K, committed 7808K, reserved 1048576K
}
Event: 15.478 GC heap after
{Heap after GC invocations=84 (full 3):
 PSYoungGen      total 6656K, used 1380K [0x00000000eab00000, 0x00000000eb300000, 0x0000000100000000)
  eden space 5120K, 0% used [0x00000000eab00000,0x00000000eab00000,0x00000000eb000000)
  from space 1536K, 89% used [0x00000000eb000000,0x00000000eb1592a8,0x00000000eb180000)
  to   space 1536K, 0% used [0x00000000eb180000,0x00000000eb180000,0x00000000eb300000)
 ParOldGen       total 143360K, used 142900K [0x00000000c0000000, 0x00000000c8c00000, 0x00000000eab00000)
  object space 143360K, 99% used [0x00000000c0000000,0x00000000c8b8d300,0x00000000c8c00000)
 Metaspace       used 66803K, committed 68416K, reserved 1114112K
  class space    used 7089K, committed 7808K, reserved 1048576K
}
Event: 15.502 GC heap before
{Heap before GC invocations=85 (full 3):
 PSYoungGen      total 6656K, used 6500K [0x00000000eab00000, 0x00000000eb300000, 0x0000000100000000)
  eden space 5120K, 99% used [0x00000000eab00000,0x00000000eafffff8,0x00000000eb000000)
  from space 1536K, 89% used [0x00000000eb000000,0x00000000eb1592a8,0x00000000eb180000)
  to   space 1536K, 0% used [0x00000000eb180000,0x00000000eb180000,0x00000000eb300000)
 ParOldGen       total 143360K, used 142900K [0x00000000c0000000, 0x00000000c8c00000, 0x00000000eab00000)
  object space 143360K, 99% used [0x00000000c0000000,0x00000000c8b8d300,0x00000000c8c00000)
 Metaspace       used 66803K, committed 68416K, reserved 1114112K
  class space    used 7089K, committed 7808K, reserved 1048576K
}
Event: 15.503 GC heap after
{Heap after GC invocations=85 (full 3):
 PSYoungGen      total 6656K, used 1345K [0x00000000eab00000, 0x00000000eb300000, 0x0000000100000000)
  eden space 5120K, 0% used [0x00000000eab00000,0x00000000eab00000,0x00000000eb000000)
  from space 1536K, 87% used [0x00000000eb180000,0x00000000eb2d0790,0x00000000eb300000)
  to   space 1536K, 0% used [0x00000000eb000000,0x00000000eb000000,0x00000000eb180000)
 ParOldGen       total 144384K, used 144066K [0x00000000c0000000, 0x00000000c8d00000, 0x00000000eab00000)
  object space 144384K, 99% used [0x00000000c0000000,0x00000000c8cb0b18,0x00000000c8d00000)
 Metaspace       used 66803K, committed 68416K, reserved 1114112K
  class space    used 7089K, committed 7808K, reserved 1048576K
}
Event: 15.531 GC heap before
{Heap before GC invocations=86 (full 3):
 PSYoungGen      total 6656K, used 6465K [0x00000000eab00000, 0x00000000eb300000, 0x0000000100000000)
  eden space 5120K, 100% used [0x00000000eab00000,0x00000000eb000000,0x00000000eb000000)
  from space 1536K, 87% used [0x00000000eb180000,0x00000000eb2d0790,0x00000000eb300000)
  to   space 1536K, 0% used [0x00000000eb000000,0x00000000eb000000,0x00000000eb180000)
 ParOldGen       total 144384K, used 144066K [0x00000000c0000000, 0x00000000c8d00000, 0x00000000eab00000)
  object space 144384K, 99% used [0x00000000c0000000,0x00000000c8cb0b18,0x00000000c8d00000)
 Metaspace       used 66803K, committed 68416K, reserved 1114112K
  class space    used 7089K, committed 7808K, reserved 1048576K
}
Event: 15.533 GC heap after
{Heap after GC invocations=86 (full 3):
 PSYoungGen      total 6656K, used 1295K [0x00000000eab00000, 0x00000000eb300000, 0x0000000100000000)
  eden space 5120K, 0% used [0x00000000eab00000,0x00000000eab00000,0x00000000eb000000)
  from space 1536K, 84% used [0x00000000eb000000,0x00000000eb143c88,0x00000000eb180000)
  to   space 1536K, 0% used [0x00000000eb180000,0x00000000eb180000,0x00000000eb300000)
 ParOldGen       total 145408K, used 145257K [0x00000000c0000000, 0x00000000c8e00000, 0x00000000eab00000)
  object space 145408K, 99% used [0x00000000c0000000,0x00000000c8dda7b0,0x00000000c8e00000)
 Metaspace       used 66803K, committed 68416K, reserved 1114112K
  class space    used 7089K, committed 7808K, reserved 1048576K
}
Event: 15.571 GC heap before
{Heap before GC invocations=87 (full 3):
 PSYoungGen      total 6656K, used 6415K [0x00000000eab00000, 0x00000000eb300000, 0x0000000100000000)
  eden space 5120K, 100% used [0x00000000eab00000,0x00000000eb000000,0x00000000eb000000)
  from space 1536K, 84% used [0x00000000eb000000,0x00000000eb143c88,0x00000000eb180000)
  to   space 1536K, 0% used [0x00000000eb180000,0x00000000eb180000,0x00000000eb300000)
 ParOldGen       total 145408K, used 145257K [0x00000000c0000000, 0x00000000c8e00000, 0x00000000eab00000)
  object space 145408K, 99% used [0x00000000c0000000,0x00000000c8dda7b0,0x00000000c8e00000)
 Metaspace       used 66803K, committed 68416K, reserved 1114112K
  class space    used 7089K, committed 7808K, reserved 1048576K
}
Event: 15.573 GC heap after
{Heap after GC invocations=87 (full 3):
 PSYoungGen      total 6656K, used 1310K [0x00000000eab00000, 0x00000000eb300000, 0x0000000100000000)
  eden space 5120K, 0% used [0x00000000eab00000,0x00000000eab00000,0x00000000eb000000)
  from space 1536K, 85% used [0x00000000eb180000,0x00000000eb2c7b88,0x00000000eb300000)
  to   space 1536K, 0% used [0x00000000eb000000,0x00000000eb000000,0x00000000eb180000)
 ParOldGen       total 146432K, used 146409K [0x00000000c0000000, 0x00000000c8f00000, 0x00000000eab00000)
  object space 146432K, 99% used [0x00000000c0000000,0x00000000c8efa558,0x00000000c8f00000)
 Metaspace       used 66803K, committed 68416K, reserved 1114112K
  class space    used 7089K, committed 7808K, reserved 1048576K
}
Event: 15.596 GC heap before
{Heap before GC invocations=88 (full 3):
 PSYoungGen      total 6656K, used 6430K [0x00000000eab00000, 0x00000000eb300000, 0x0000000100000000)
  eden space 5120K, 100% used [0x00000000eab00000,0x00000000eb000000,0x00000000eb000000)
  from space 1536K, 85% used [0x00000000eb180000,0x00000000eb2c7b88,0x00000000eb300000)
  to   space 1536K, 0% used [0x00000000eb000000,0x00000000eb000000,0x00000000eb180000)
 ParOldGen       total 146432K, used 146409K [0x00000000c0000000, 0x00000000c8f00000, 0x00000000eab00000)
  object space 146432K, 99% used [0x00000000c0000000,0x00000000c8efa558,0x00000000c8f00000)
 Metaspace       used 66931K, committed 68480K, reserved 1114112K
  class space    used 7096K, committed 7808K, reserved 1048576K
}
Event: 15.598 GC heap after
{Heap after GC invocations=88 (full 3):
 PSYoungGen      total 6656K, used 1183K [0x00000000eab00000, 0x00000000eb300000, 0x0000000100000000)
  eden space 5120K, 0% used [0x00000000eab00000,0x00000000eab00000,0x00000000eb000000)
  from space 1536K, 77% used [0x00000000eb000000,0x00000000eb127f30,0x00000000eb180000)
  to   space 1536K, 0% used [0x00000000eb180000,0x00000000eb180000,0x00000000eb300000)
 ParOldGen       total 147968K, used 147557K [0x00000000c0000000, 0x00000000c9080000, 0x00000000eab00000)
  object space 147968K, 99% used [0x00000000c0000000,0x00000000c9019540,0x00000000c9080000)
 Metaspace       used 66931K, committed 68480K, reserved 1114112K
  class space    used 7096K, committed 7808K, reserved 1048576K
}
Event: 15.631 GC heap before
{Heap before GC invocations=89 (full 3):
 PSYoungGen      total 6656K, used 6303K [0x00000000eab00000, 0x00000000eb300000, 0x0000000100000000)
  eden space 5120K, 100% used [0x00000000eab00000,0x00000000eb000000,0x00000000eb000000)
  from space 1536K, 77% used [0x00000000eb000000,0x00000000eb127f30,0x00000000eb180000)
  to   space 1536K, 0% used [0x00000000eb180000,0x00000000eb180000,0x00000000eb300000)
 ParOldGen       total 147968K, used 147557K [0x00000000c0000000, 0x00000000c9080000, 0x00000000eab00000)
  object space 147968K, 99% used [0x00000000c0000000,0x00000000c9019540,0x00000000c9080000)
 Metaspace       used 67121K, committed 68672K, reserved 1114112K
  class space    used 7109K, committed 7808K, reserved 1048576K
}
Event: 15.632 GC heap after
{Heap after GC invocations=89 (full 3):
 PSYoungGen      total 6656K, used 1138K [0x00000000eab00000, 0x00000000eb300000, 0x0000000100000000)
  eden space 5120K, 0% used [0x00000000eab00000,0x00000000eab00000,0x00000000eb000000)
  from space 1536K, 74% used [0x00000000eb180000,0x00000000eb29c8c0,0x00000000eb300000)
  to   space 1536K, 0% used [0x00000000eb000000,0x00000000eb000000,0x00000000eb180000)
 ParOldGen       total 148992K, used 148592K [0x00000000c0000000, 0x00000000c9180000, 0x00000000eab00000)
  object space 148992K, 99% used [0x00000000c0000000,0x00000000c911c220,0x00000000c9180000)
 Metaspace       used 67121K, committed 68672K, reserved 1114112K
  class space    used 7109K, committed 7808K, reserved 1048576K
}
Event: 15.667 GC heap before
{Heap before GC invocations=90 (full 3):
 PSYoungGen      total 6656K, used 6258K [0x00000000eab00000, 0x00000000eb300000, 0x0000000100000000)
  eden space 5120K, 100% used [0x00000000eab00000,0x00000000eb000000,0x00000000eb000000)
  from space 1536K, 74% used [0x00000000eb180000,0x00000000eb29c8c0,0x00000000eb300000)
  to   space 1536K, 0% used [0x00000000eb000000,0x00000000eb000000,0x00000000eb180000)
 ParOldGen       total 148992K, used 148592K [0x00000000c0000000, 0x00000000c9180000, 0x00000000eab00000)
  object space 148992K, 99% used [0x00000000c0000000,0x00000000c911c220,0x00000000c9180000)
 Metaspace       used 67189K, committed 68736K, reserved 1114112K
  class space    used 7124K, committed 7808K, reserved 1048576K
}
Event: 15.669 GC heap after
{Heap after GC invocations=90 (full 3):
 PSYoungGen      total 6656K, used 1413K [0x00000000eab00000, 0x00000000eb300000, 0x0000000100000000)
  eden space 5120K, 0% used [0x00000000eab00000,0x00000000eab00000,0x00000000eb000000)
  from space 1536K, 92% used [0x00000000eb000000,0x00000000eb161520,0x00000000eb180000)
  to   space 1536K, 0% used [0x00000000eb180000,0x00000000eb180000,0x00000000eb300000)
 ParOldGen       total 150016K, used 149575K [0x00000000c0000000, 0x00000000c9280000, 0x00000000eab00000)
  object space 150016K, 99% used [0x00000000c0000000,0x00000000c9211c88,0x00000000c9280000)
 Metaspace       used 67189K, committed 68736K, reserved 1114112K
  class space    used 7124K, committed 7808K, reserved 1048576K
}
Event: 15.689 GC heap before
{Heap before GC invocations=91 (full 3):
 PSYoungGen      total 6656K, used 6529K [0x00000000eab00000, 0x00000000eb300000, 0x0000000100000000)
  eden space 5120K, 99% used [0x00000000eab00000,0x00000000eafff0b0,0x00000000eb000000)
  from space 1536K, 92% used [0x00000000eb000000,0x00000000eb161520,0x00000000eb180000)
  to   space 1536K, 0% used [0x00000000eb180000,0x00000000eb180000,0x00000000eb300000)
 ParOldGen       total 150016K, used 149575K [0x00000000c0000000, 0x00000000c9280000, 0x00000000eab00000)
  object space 150016K, 99% used [0x00000000c0000000,0x00000000c9211c88,0x00000000c9280000)
 Metaspace       used 67190K, committed 68736K, reserved 1114112K
  class space    used 7124K, committed 7808K, reserved 1048576K
}
Event: 15.691 GC heap after
{Heap after GC invocations=91 (full 3):
 PSYoungGen      total 6656K, used 1207K [0x00000000eab00000, 0x00000000eb300000, 0x0000000100000000)
  eden space 5120K, 0% used [0x00000000eab00000,0x00000000eab00000,0x00000000eb000000)
  from space 1536K, 78% used [0x00000000eb180000,0x00000000eb2ade60,0x00000000eb300000)
  to   space 1536K, 0% used [0x00000000eb000000,0x00000000eb000000,0x00000000eb180000)
 ParOldGen       total 151040K, used 150696K [0x00000000c0000000, 0x00000000c9380000, 0x00000000eab00000)
  object space 151040K, 99% used [0x00000000c0000000,0x00000000c932a098,0x00000000c9380000)
 Metaspace       used 67190K, committed 68736K, reserved 1114112K
  class space    used 7124K, committed 7808K, reserved 1048576K
}
Event: 15.714 GC heap before
{Heap before GC invocations=92 (full 3):
 PSYoungGen      total 6656K, used 6327K [0x00000000eab00000, 0x00000000eb300000, 0x0000000100000000)
  eden space 5120K, 100% used [0x00000000eab00000,0x00000000eb000000,0x00000000eb000000)
  from space 1536K, 78% used [0x00000000eb180000,0x00000000eb2ade60,0x00000000eb300000)
  to   space 1536K, 0% used [0x00000000eb000000,0x00000000eb000000,0x00000000eb180000)
 ParOldGen       total 151040K, used 150696K [0x00000000c0000000, 0x00000000c9380000, 0x00000000eab00000)
  object space 151040K, 99% used [0x00000000c0000000,0x00000000c932a098,0x00000000c9380000)
 Metaspace       used 67190K, committed 68736K, reserved 1114112K
  class space    used 7124K, committed 7808K, reserved 1048576K
}
Event: 15.715 GC heap after
{Heap after GC invocations=92 (full 3):
 PSYoungGen      total 6656K, used 901K [0x00000000eab00000, 0x00000000eb300000, 0x0000000100000000)
  eden space 5120K, 0% used [0x00000000eab00000,0x00000000eab00000,0x00000000eb000000)
  from space 1536K, 58% used [0x00000000eb000000,0x00000000eb0e14f8,0x00000000eb180000)
  to   space 1536K, 0% used [0x00000000eb180000,0x00000000eb180000,0x00000000eb300000)
 ParOldGen       total 152064K, used 151738K [0x00000000c0000000, 0x00000000c9480000, 0x00000000eab00000)
  object space 152064K, 99% used [0x00000000c0000000,0x00000000c942e918,0x00000000c9480000)
 Metaspace       used 67190K, committed 68736K, reserved 1114112K
  class space    used 7124K, committed 7808K, reserved 1048576K
}
Event: 15.739 GC heap before
{Heap before GC invocations=93 (full 3):
 PSYoungGen      total 6656K, used 6020K [0x00000000eab00000, 0x00000000eb300000, 0x0000000100000000)
  eden space 5120K, 99% used [0x00000000eab00000,0x00000000eafffe88,0x00000000eb000000)
  from space 1536K, 58% used [0x00000000eb000000,0x00000000eb0e14f8,0x00000000eb180000)
  to   space 1536K, 0% used [0x00000000eb180000,0x00000000eb180000,0x00000000eb300000)
 ParOldGen       total 152064K, used 151738K [0x00000000c0000000, 0x00000000c9480000, 0x00000000eab00000)
  object space 152064K, 99% used [0x00000000c0000000,0x00000000c942e918,0x00000000c9480000)
 Metaspace       used 67190K, committed 68736K, reserved 1114112K
  class space    used 7124K, committed 7808K, reserved 1048576K
}
Event: 15.741 GC heap after
{Heap after GC invocations=93 (full 3):
 PSYoungGen      total 6656K, used 1116K [0x00000000eab00000, 0x00000000eb300000, 0x0000000100000000)
  eden space 5120K, 0% used [0x00000000eab00000,0x00000000eab00000,0x00000000eb000000)
  from space 1536K, 72% used [0x00000000eb180000,0x00000000eb297020,0x00000000eb300000)
  to   space 1536K, 0% used [0x00000000eb000000,0x00000000eb000000,0x00000000eb180000)
 ParOldGen       total 152576K, used 152486K [0x00000000c0000000, 0x00000000c9500000, 0x00000000eab00000)
  object space 152576K, 99% used [0x00000000c0000000,0x00000000c94e9bc0,0x00000000c9500000)
 Metaspace       used 67190K, committed 68736K, reserved 1114112K
  class space    used 7124K, committed 7808K, reserved 1048576K
}

