# JRE version: OpenJDK Runtime Environment Temurin-21.0.7+6 (21.0.7+6) (build 21.0.7+6-LTS)
# Java VM: OpenJDK 64-Bit Server VM Temurin-21.0.7+6 (21.0.7+6-LTS, mixed mode, sharing, tiered, compressed oops, compressed class ptrs, parallel gc, windows-amd64)
GC Precious Log:
 CardTable entry size: 512
 CPUs: 12 total, 12 available
 Memory: 7984M
 Large Page Support: Disabled
 NUMA Support: Disabled
 Compressed Oops: Enabled (32-bit)
 Alignments: Space 512K, Generation 512K, Heap 2M
 Heap Min Capacity: 100M
 Heap Initial Capacity: 100M
 Heap Max Capacity: 1G
 Pre-touch: Disabled
 Parallel Workers: 10
Heap:
 PSYoungGen      total 35328K, used 34608K [0x00000000eab00000, 0x00000000ede80000, 0x0000000100000000)
  eden space 33792K, 100% used [0x00000000eab00000,0x00000000ecc00000,0x00000000ecc00000)
  from space 1536K, 53% used [0x00000000edc00000,0x00000000edccc148,0x00000000edd80000)
  to   space 1024K, 0% used [0x00000000edd80000,0x00000000edd80000,0x00000000ede80000)
 ParOldGen       total 699392K, used 699392K [0x00000000c0000000, 0x00000000eab00000, 0x00000000eab00000)
  object space 699392K, 100% used [0x00000000c0000000,0x00000000eab00000,0x00000000eab00000)
 Metaspace       used 64671K, committed 66304K, reserved 1114112K
  class space    used 6756K, committed 7488K, reserved 1048576K
GC Heap History (20 events):
Event: 25.605 GC heap before
{Heap before GC invocations=1171 (full 3):
 PSYoungGen      total 54272K, used 45448K [0x00000000eab00000, 0x00000000ee880000, 0x0000000100000000)
  eden space 43008K, 100% used [0x00000000eab00000,0x00000000ed500000,0x00000000ed500000)
  from space 11264K, 21% used [0x00000000ed500000,0x00000000ed7622c0,0x00000000ee000000)
  to   space 5632K, 0% used [0x00000000ee300000,0x00000000ee300000,0x00000000ee880000)
 ParOldGen       total 699392K, used 672837K [0x00000000c0000000, 0x00000000eab00000, 0x00000000eab00000)
  object space 699392K, 96% used [0x00000000c0000000,0x00000000e9111578,0x00000000eab00000)
 Metaspace       used 64604K, committed 66240K, reserved 1114112K
  class space    used 6752K, committed 7488K, reserved 1048576K
}
Event: 25.607 GC heap after
{Heap after GC invocations=1171 (full 3):
 PSYoungGen      total 44544K, used 2256K [0x00000000eab00000, 0x00000000ee580000, 0x0000000100000000)
  eden space 41984K, 0% used [0x00000000eab00000,0x00000000eab00000,0x00000000ed400000)
  from space 2560K, 88% used [0x00000000ee300000,0x00000000ee534030,0x00000000ee580000)
  to   space 3072K, 0% used [0x00000000edf80000,0x00000000edf80000,0x00000000ee280000)
 ParOldGen       total 699392K, used 675074K [0x00000000c0000000, 0x00000000eab00000, 0x00000000eab00000)
  object space 699392K, 96% used [0x00000000c0000000,0x00000000e9340b28,0x00000000eab00000)
 Metaspace       used 64604K, committed 66240K, reserved 1114112K
  class space    used 6752K, committed 7488K, reserved 1048576K
}
Event: 25.630 GC heap before
{Heap before GC invocations=1172 (full 3):
 PSYoungGen      total 44544K, used 44240K [0x00000000eab00000, 0x00000000ee580000, 0x0000000100000000)
  eden space 41984K, 100% used [0x00000000eab00000,0x00000000ed400000,0x00000000ed400000)
  from space 2560K, 88% used [0x00000000ee300000,0x00000000ee534030,0x00000000ee580000)
  to   space 3072K, 0% used [0x00000000edf80000,0x00000000edf80000,0x00000000ee280000)
 ParOldGen       total 699392K, used 675074K [0x00000000c0000000, 0x00000000eab00000, 0x00000000eab00000)
  object space 699392K, 96% used [0x00000000c0000000,0x00000000e9340b28,0x00000000eab00000)
 Metaspace       used 64604K, committed 66240K, reserved 1114112K
  class space    used 6752K, committed 7488K, reserved 1048576K
}
Event: 25.633 GC heap after
{Heap after GC invocations=1172 (full 3):
 PSYoungGen      total 43520K, used 2403K [0x00000000eab00000, 0x00000000ee380000, 0x0000000100000000)
  eden space 40960K, 0% used [0x00000000eab00000,0x00000000eab00000,0x00000000ed300000)
  from space 2560K, 93% used [0x00000000edf80000,0x00000000ee1d8f50,0x00000000ee200000)
  to   space 1536K, 0% used [0x00000000ee200000,0x00000000ee200000,0x00000000ee380000)
 ParOldGen       total 699392K, used 677221K [0x00000000c0000000, 0x00000000eab00000, 0x00000000eab00000)
  object space 699392K, 96% used [0x00000000c0000000,0x00000000e9559428,0x00000000eab00000)
 Metaspace       used 64604K, committed 66240K, reserved 1114112K
  class space    used 6752K, committed 7488K, reserved 1048576K
}
Event: 25.644 GC heap before
{Heap before GC invocations=1173 (full 3):
 PSYoungGen      total 43520K, used 43363K [0x00000000eab00000, 0x00000000ee380000, 0x0000000100000000)
  eden space 40960K, 100% used [0x00000000eab00000,0x00000000ed300000,0x00000000ed300000)
  from space 2560K, 93% used [0x00000000edf80000,0x00000000ee1d8f50,0x00000000ee200000)
  to   space 1536K, 0% used [0x00000000ee200000,0x00000000ee200000,0x00000000ee380000)
 ParOldGen       total 699392K, used 677221K [0x00000000c0000000, 0x00000000eab00000, 0x00000000eab00000)
  object space 699392K, 96% used [0x00000000c0000000,0x00000000e9559428,0x00000000eab00000)
 Metaspace       used 64607K, committed 66240K, reserved 1114112K
  class space    used 6753K, committed 7488K, reserved 1048576K
}
Event: 25.647 GC heap after
{Heap after GC invocations=1173 (full 3):
 PSYoungGen      total 41472K, used 1504K [0x00000000eab00000, 0x00000000ee380000, 0x0000000100000000)
  eden space 39936K, 0% used [0x00000000eab00000,0x00000000eab00000,0x00000000ed200000)
  from space 1536K, 97% used [0x00000000ee200000,0x00000000ee378020,0x00000000ee380000)
  to   space 4608K, 0% used [0x00000000eda80000,0x00000000eda80000,0x00000000edf00000)
 ParOldGen       total 699392K, used 679754K [0x00000000c0000000, 0x00000000eab00000, 0x00000000eab00000)
  object space 699392K, 97% used [0x00000000c0000000,0x00000000e97d2a40,0x00000000eab00000)
 Metaspace       used 64607K, committed 66240K, reserved 1114112K
  class space    used 6753K, committed 7488K, reserved 1048576K
}
Event: 25.658 GC heap before
{Heap before GC invocations=1174 (full 3):
 PSYoungGen      total 41472K, used 41440K [0x00000000eab00000, 0x00000000ee380000, 0x0000000100000000)
  eden space 39936K, 100% used [0x00000000eab00000,0x00000000ed200000,0x00000000ed200000)
  from space 1536K, 97% used [0x00000000ee200000,0x00000000ee378020,0x00000000ee380000)
  to   space 4608K, 0% used [0x00000000eda80000,0x00000000eda80000,0x00000000edf00000)
 ParOldGen       total 699392K, used 679754K [0x00000000c0000000, 0x00000000eab00000, 0x00000000eab00000)
  object space 699392K, 97% used [0x00000000c0000000,0x00000000e97d2a40,0x00000000eab00000)
 Metaspace       used 64620K, committed 66240K, reserved 1114112K
  class space    used 6754K, committed 7488K, reserved 1048576K
}
Event: 25.661 GC heap after
{Heap after GC invocations=1174 (full 3):
 PSYoungGen      total 43520K, used 1632K [0x00000000eab00000, 0x00000000ee280000, 0x0000000100000000)
  eden space 38912K, 0% used [0x00000000eab00000,0x00000000eab00000,0x00000000ed100000)
  from space 4608K, 35% used [0x00000000eda80000,0x00000000edc18000,0x00000000edf00000)
  to   space 2560K, 0% used [0x00000000ee000000,0x00000000ee000000,0x00000000ee280000)
 ParOldGen       total 699392K, used 681247K [0x00000000c0000000, 0x00000000eab00000, 0x00000000eab00000)
  object space 699392K, 97% used [0x00000000c0000000,0x00000000e9947db8,0x00000000eab00000)
 Metaspace       used 64620K, committed 66240K, reserved 1114112K
  class space    used 6754K, committed 7488K, reserved 1048576K
}
Event: 25.671 GC heap before
{Heap before GC invocations=1175 (full 3):
 PSYoungGen      total 43520K, used 40544K [0x00000000eab00000, 0x00000000ee280000, 0x0000000100000000)
  eden space 38912K, 100% used [0x00000000eab00000,0x00000000ed100000,0x00000000ed100000)
  from space 4608K, 35% used [0x00000000eda80000,0x00000000edc18000,0x00000000edf00000)
  to   space 2560K, 0% used [0x00000000ee000000,0x00000000ee000000,0x00000000ee280000)
 ParOldGen       total 699392K, used 681247K [0x00000000c0000000, 0x00000000eab00000, 0x00000000eab00000)
  object space 699392K, 97% used [0x00000000c0000000,0x00000000e9947db8,0x00000000eab00000)
 Metaspace       used 64631K, committed 66240K, reserved 1114112K
  class space    used 6754K, committed 7488K, reserved 1048576K
}
Event: 25.674 GC heap after
{Heap after GC invocations=1175 (full 3):
 PSYoungGen      total 39936K, used 1700K [0x00000000eab00000, 0x00000000ee200000, 0x0000000100000000)
  eden space 37888K, 0% used [0x00000000eab00000,0x00000000eab00000,0x00000000ed000000)
  from space 2048K, 83% used [0x00000000ee000000,0x00000000ee1a9178,0x00000000ee200000)
  to   space 2048K, 0% used [0x00000000ede00000,0x00000000ede00000,0x00000000ee000000)
 ParOldGen       total 699392K, used 682722K [0x00000000c0000000, 0x00000000eab00000, 0x00000000eab00000)
  object space 699392K, 97% used [0x00000000c0000000,0x00000000e9ab8988,0x00000000eab00000)
 Metaspace       used 64631K, committed 66240K, reserved 1114112K
  class space    used 6754K, committed 7488K, reserved 1048576K
}
Event: 25.694 GC heap before
{Heap before GC invocations=1176 (full 3):
 PSYoungGen      total 39936K, used 39588K [0x00000000eab00000, 0x00000000ee200000, 0x0000000100000000)
  eden space 37888K, 100% used [0x00000000eab00000,0x00000000ed000000,0x00000000ed000000)
  from space 2048K, 83% used [0x00000000ee000000,0x00000000ee1a9178,0x00000000ee200000)
  to   space 2048K, 0% used [0x00000000ede00000,0x00000000ede00000,0x00000000ee000000)
 ParOldGen       total 699392K, used 682722K [0x00000000c0000000, 0x00000000eab00000, 0x00000000eab00000)
  object space 699392K, 97% used [0x00000000c0000000,0x00000000e9ab8988,0x00000000eab00000)
 Metaspace       used 64631K, committed 66240K, reserved 1114112K
  class space    used 6754K, committed 7488K, reserved 1048576K
}
Event: 25.696 GC heap after
{Heap after GC invocations=1176 (full 3):
 PSYoungGen      total 38400K, used 1168K [0x00000000eab00000, 0x00000000ee080000, 0x0000000100000000)
  eden space 36864K, 0% used [0x00000000eab00000,0x00000000eab00000,0x00000000ecf00000)
  from space 1536K, 76% used [0x00000000ede00000,0x00000000edf24030,0x00000000edf80000)
  to   space 1024K, 0% used [0x00000000edf80000,0x00000000edf80000,0x00000000ee080000)
 ParOldGen       total 699392K, used 684152K [0x00000000c0000000, 0x00000000eab00000, 0x00000000eab00000)
  object space 699392K, 97% used [0x00000000c0000000,0x00000000e9c1e370,0x00000000eab00000)
 Metaspace       used 64631K, committed 66240K, reserved 1114112K
  class space    used 6754K, committed 7488K, reserved 1048576K
}
Event: 25.712 GC heap before
{Heap before GC invocations=1177 (full 3):
 PSYoungGen      total 38400K, used 38032K [0x00000000eab00000, 0x00000000ee080000, 0x0000000100000000)
  eden space 36864K, 100% used [0x00000000eab00000,0x00000000ecf00000,0x00000000ecf00000)
  from space 1536K, 76% used [0x00000000ede00000,0x00000000edf24030,0x00000000edf80000)
  to   space 1024K, 0% used [0x00000000edf80000,0x00000000edf80000,0x00000000ee080000)
 ParOldGen       total 699392K, used 684152K [0x00000000c0000000, 0x00000000eab00000, 0x00000000eab00000)
  object space 699392K, 97% used [0x00000000c0000000,0x00000000e9c1e370,0x00000000eab00000)
 Metaspace       used 64637K, committed 66240K, reserved 1114112K
  class space    used 6754K, committed 7488K, reserved 1048576K
}
Event: 25.714 GC heap after
{Heap after GC invocations=1177 (full 3):
 PSYoungGen      total 36864K, used 1024K [0x00000000eab00000, 0x00000000ee080000, 0x0000000100000000)
  eden space 35840K, 0% used [0x00000000eab00000,0x00000000eab00000,0x00000000ece00000)
  from space 1024K, 100% used [0x00000000edf80000,0x00000000ee080000,0x00000000ee080000)
  to   space 2560K, 0% used [0x00000000edb80000,0x00000000edb80000,0x00000000ede00000)
 ParOldGen       total 699392K, used 685194K [0x00000000c0000000, 0x00000000eab00000, 0x00000000eab00000)
  object space 699392K, 97% used [0x00000000c0000000,0x00000000e9d22a50,0x00000000eab00000)
 Metaspace       used 64637K, committed 66240K, reserved 1114112K
  class space    used 6754K, committed 7488K, reserved 1048576K
}
Event: 25.726 GC heap before
{Heap before GC invocations=1178 (full 3):
 PSYoungGen      total 36864K, used 36864K [0x00000000eab00000, 0x00000000ee080000, 0x0000000100000000)
  eden space 35840K, 100% used [0x00000000eab00000,0x00000000ece00000,0x00000000ece00000)
  from space 1024K, 100% used [0x00000000edf80000,0x00000000ee080000,0x00000000ee080000)
  to   space 2560K, 0% used [0x00000000edb80000,0x00000000edb80000,0x00000000ede00000)
 ParOldGen       total 699392K, used 685194K [0x00000000c0000000, 0x00000000eab00000, 0x00000000eab00000)
  object space 699392K, 97% used [0x00000000c0000000,0x00000000e9d22a50,0x00000000eab00000)
 Metaspace       used 64663K, committed 66240K, reserved 1114112K
  class space    used 6756K, committed 7488K, reserved 1048576K
}
Event: 25.728 GC heap after
{Heap after GC invocations=1178 (full 3):
 PSYoungGen      total 37376K, used 1424K [0x00000000eab00000, 0x00000000ee000000, 0x0000000100000000)
  eden space 34816K, 0% used [0x00000000eab00000,0x00000000eab00000,0x00000000ecd00000)
  from space 2560K, 55% used [0x00000000edb80000,0x00000000edce42b0,0x00000000ede00000)
  to   space 2048K, 0% used [0x00000000ede00000,0x00000000ede00000,0x00000000ee000000)
 ParOldGen       total 699392K, used 686125K [0x00000000c0000000, 0x00000000eab00000, 0x00000000eab00000)
  object space 699392K, 98% used [0x00000000c0000000,0x00000000e9e0b5f8,0x00000000eab00000)
 Metaspace       used 64663K, committed 66240K, reserved 1114112K
  class space    used 6756K, committed 7488K, reserved 1048576K
}
Event: 25.736 GC heap before
{Heap before GC invocations=1179 (full 3):
 PSYoungGen      total 37376K, used 36240K [0x00000000eab00000, 0x00000000ee000000, 0x0000000100000000)
  eden space 34816K, 100% used [0x00000000eab00000,0x00000000ecd00000,0x00000000ecd00000)
  from space 2560K, 55% used [0x00000000edb80000,0x00000000edce42b0,0x00000000ede00000)
  to   space 2048K, 0% used [0x00000000ede00000,0x00000000ede00000,0x00000000ee000000)
 ParOldGen       total 699392K, used 686125K [0x00000000c0000000, 0x00000000eab00000, 0x00000000eab00000)
  object space 699392K, 98% used [0x00000000c0000000,0x00000000e9e0b5f8,0x00000000eab00000)
 Metaspace       used 64668K, committed 66304K, reserved 1114112K
  class space    used 6756K, committed 7488K, reserved 1048576K
}
Event: 25.738 GC heap after
{Heap after GC invocations=1179 (full 3):
 PSYoungGen      total 35328K, used 800K [0x00000000eab00000, 0x00000000edf00000, 0x0000000100000000)
  eden space 34304K, 0% used [0x00000000eab00000,0x00000000eab00000,0x00000000ecc80000)
  from space 1024K, 78% used [0x00000000ede00000,0x00000000edec8000,0x00000000edf00000)
  to   space 1536K, 0% used [0x00000000edc00000,0x00000000edc00000,0x00000000edd80000)
 ParOldGen       total 699392K, used 687247K [0x00000000c0000000, 0x00000000eab00000, 0x00000000eab00000)
  object space 699392K, 98% used [0x00000000c0000000,0x00000000e9f23fe0,0x00000000eab00000)
 Metaspace       used 64668K, committed 66304K, reserved 1114112K
  class space    used 6756K, committed 7488K, reserved 1048576K
}
Event: 25.745 GC heap before
{Heap before GC invocations=1180 (full 3):
 PSYoungGen      total 35328K, used 35104K [0x00000000eab00000, 0x00000000edf00000, 0x0000000100000000)
  eden space 34304K, 100% used [0x00000000eab00000,0x00000000ecc80000,0x00000000ecc80000)
  from space 1024K, 78% used [0x00000000ede00000,0x00000000edec8000,0x00000000edf00000)
  to   space 1536K, 0% used [0x00000000edc00000,0x00000000edc00000,0x00000000edd80000)
 ParOldGen       total 699392K, used 687247K [0x00000000c0000000, 0x00000000eab00000, 0x00000000eab00000)
  object space 699392K, 98% used [0x00000000c0000000,0x00000000e9f23fe0,0x00000000eab00000)
 Metaspace       used 64668K, committed 66304K, reserved 1114112K
  class space    used 6756K, committed 7488K, reserved 1048576K
}
Event: 25.746 GC heap after
{Heap after GC invocations=1180 (full 3):
 PSYoungGen      total 35328K, used 816K [0x00000000eab00000, 0x00000000ede80000, 0x0000000100000000)
  eden space 33792K, 0% used [0x00000000eab00000,0x00000000eab00000,0x00000000ecc00000)
  from space 1536K, 53% used [0x00000000edc00000,0x00000000edccc148,0x00000000edd80000)
  to   space 1024K, 0% used [0x00000000edd80000,0x00000000edd80000,0x00000000ede80000)
 ParOldGen       total 699392K, used 687879K [0x00000000c0000000, 0x00000000eab00000, 0x00000000eab00000)
  object space 699392K, 98% used [0x00000000c0000000,0x00000000e9fc1ff0,0x00000000eab00000)
 Metaspace       used 64668K, committed 66304K, reserved 1114112K
  class space    used 6756K, committed 7488K, reserved 1048576K
}

