# JRE version: OpenJDK Runtime Environment Temurin-21.0.7+6 (21.0.7+6) (build 21.0.7+6-LTS)
# Java VM: OpenJDK 64-Bit Server VM Temurin-21.0.7+6 (21.0.7+6-LTS, mixed mode, sharing, tiered, compressed oops, compressed class ptrs, parallel gc, windows-amd64)
GC Precious Log:
 CardTable entry size: 512
 CPUs: 12 total, 12 available
 Memory: 7984M
 Large Page Support: Disabled
 NUMA Support: Disabled
 Compressed Oops: Enabled (32-bit)
 Alignments: Space 512K, Generation 512K, Heap 2M
 Heap Min Capacity: 100M
 Heap Initial Capacity: 100M
 Heap Max Capacity: 1G
 Pre-touch: Disabled
 Parallel Workers: 10
Heap:
 PSYoungGen      total 6656K, used 4694K [0x00000000eab00000, 0x00000000eb580000, 0x0000000100000000)
  eden space 5120K, 77% used [0x00000000eab00000,0x00000000eaee2078,0x00000000eb000000)
  from space 1536K, 49% used [0x00000000eb280000,0x00000000eb33e920,0x00000000eb400000)
  to   space 1024K, 0% used [0x00000000eb480000,0x00000000eb480000,0x00000000eb580000)
 ParOldGen       total 509440K, used 509054K [0x00000000c0000000, 0x00000000df180000, 0x00000000eab00000)
  object space 509440K, 99% used [0x00000000c0000000,0x00000000df11fb00,0x00000000df180000)
 Metaspace       used 75227K, committed 76928K, reserved 1179648K
  class space    used 7675K, committed 8448K, reserved 1048576K
GC Heap History (20 events):
Event: 93.548 GC heap before
{Heap before GC invocations=1495 (full 4):
 PSYoungGen      total 7680K, used 5786K [0x00000000eab00000, 0x00000000eb680000, 0x0000000100000000)
  eden space 5120K, 100% used [0x00000000eab00000,0x00000000eb000000,0x00000000eb000000)
  from space 2560K, 26% used [0x00000000eb200000,0x00000000eb2a6920,0x00000000eb480000)
  to   space 1024K, 0% used [0x00000000eb580000,0x00000000eb580000,0x00000000eb680000)
 ParOldGen       total 504832K, used 504737K [0x00000000c0000000, 0x00000000ded00000, 0x00000000eab00000)
  object space 504832K, 99% used [0x00000000c0000000,0x00000000dece87d0,0x00000000ded00000)
 Metaspace       used 74562K, committed 76288K, reserved 1179648K
  class space    used 7659K, committed 8448K, reserved 1048576K
}
Event: 93.549 GC heap after
{Heap after GC invocations=1495 (full 4):
 PSYoungGen      total 5632K, used 288K [0x00000000eab00000, 0x00000000eb600000, 0x0000000100000000)
  eden space 5120K, 0% used [0x00000000eab00000,0x00000000eab00000,0x00000000eb000000)
  from space 512K, 56% used [0x00000000eb580000,0x00000000eb5c8000,0x00000000eb600000)
  to   space 512K, 0% used [0x00000000eb500000,0x00000000eb500000,0x00000000eb580000)
 ParOldGen       total 505344K, used 505137K [0x00000000c0000000, 0x00000000ded80000, 0x00000000eab00000)
  object space 505344K, 99% used [0x00000000c0000000,0x00000000ded4c7f0,0x00000000ded80000)
 Metaspace       used 74562K, committed 76288K, reserved 1179648K
  class space    used 7659K, committed 8448K, reserved 1048576K
}
Event: 94.637 GC heap before
{Heap before GC invocations=1496 (full 4):
 PSYoungGen      total 5632K, used 5408K [0x00000000eab00000, 0x00000000eb600000, 0x0000000100000000)
  eden space 5120K, 100% used [0x00000000eab00000,0x00000000eb000000,0x00000000eb000000)
  from space 512K, 56% used [0x00000000eb580000,0x00000000eb5c8000,0x00000000eb600000)
  to   space 512K, 0% used [0x00000000eb500000,0x00000000eb500000,0x00000000eb580000)
 ParOldGen       total 505344K, used 505137K [0x00000000c0000000, 0x00000000ded80000, 0x00000000eab00000)
  object space 505344K, 99% used [0x00000000c0000000,0x00000000ded4c7f0,0x00000000ded80000)
 Metaspace       used 74573K, committed 76288K, reserved 1179648K
  class space    used 7659K, committed 8448K, reserved 1048576K
}
Event: 94.638 GC heap after
{Heap after GC invocations=1496 (full 4):
 PSYoungGen      total 5632K, used 314K [0x00000000eab00000, 0x00000000eb600000, 0x0000000100000000)
  eden space 5120K, 0% used [0x00000000eab00000,0x00000000eab00000,0x00000000eb000000)
  from space 512K, 61% used [0x00000000eb500000,0x00000000eb54e900,0x00000000eb580000)
  to   space 512K, 0% used [0x00000000eb580000,0x00000000eb580000,0x00000000eb600000)
 ParOldGen       total 505344K, used 505161K [0x00000000c0000000, 0x00000000ded80000, 0x00000000eab00000)
  object space 505344K, 99% used [0x00000000c0000000,0x00000000ded527f0,0x00000000ded80000)
 Metaspace       used 74573K, committed 76288K, reserved 1179648K
  class space    used 7659K, committed 8448K, reserved 1048576K
}
Event: 95.938 GC heap before
{Heap before GC invocations=1497 (full 4):
 PSYoungGen      total 5632K, used 5410K [0x00000000eab00000, 0x00000000eb600000, 0x0000000100000000)
  eden space 5120K, 99% used [0x00000000eab00000,0x00000000eaffa258,0x00000000eb000000)
  from space 512K, 61% used [0x00000000eb500000,0x00000000eb54e900,0x00000000eb580000)
  to   space 512K, 0% used [0x00000000eb580000,0x00000000eb580000,0x00000000eb600000)
 ParOldGen       total 505344K, used 505161K [0x00000000c0000000, 0x00000000ded80000, 0x00000000eab00000)
  object space 505344K, 99% used [0x00000000c0000000,0x00000000ded527f0,0x00000000ded80000)
 Metaspace       used 74584K, committed 76288K, reserved 1179648K
  class space    used 7659K, committed 8448K, reserved 1048576K
}
Event: 95.939 GC heap after
{Heap after GC invocations=1497 (full 4):
 PSYoungGen      total 5632K, used 500K [0x00000000eab00000, 0x00000000eb600000, 0x0000000100000000)
  eden space 5120K, 0% used [0x00000000eab00000,0x00000000eab00000,0x00000000eb000000)
  from space 512K, 97% used [0x00000000eb580000,0x00000000eb5fd200,0x00000000eb600000)
  to   space 1024K, 0% used [0x00000000eb400000,0x00000000eb400000,0x00000000eb500000)
 ParOldGen       total 505344K, used 505236K [0x00000000c0000000, 0x00000000ded80000, 0x00000000eab00000)
  object space 505344K, 99% used [0x00000000c0000000,0x00000000ded650f0,0x00000000ded80000)
 Metaspace       used 74584K, committed 76288K, reserved 1179648K
  class space    used 7659K, committed 8448K, reserved 1048576K
}
Event: 96.885 GC heap before
{Heap before GC invocations=1498 (full 4):
 PSYoungGen      total 5632K, used 5598K [0x00000000eab00000, 0x00000000eb600000, 0x0000000100000000)
  eden space 5120K, 99% used [0x00000000eab00000,0x00000000eaffa908,0x00000000eb000000)
  from space 512K, 97% used [0x00000000eb580000,0x00000000eb5fd200,0x00000000eb600000)
  to   space 1024K, 0% used [0x00000000eb400000,0x00000000eb400000,0x00000000eb500000)
 ParOldGen       total 505344K, used 505236K [0x00000000c0000000, 0x00000000ded80000, 0x00000000eab00000)
  object space 505344K, 99% used [0x00000000c0000000,0x00000000ded650f0,0x00000000ded80000)
 Metaspace       used 74608K, committed 76352K, reserved 1179648K
  class space    used 7661K, committed 8448K, reserved 1048576K
}
Event: 96.886 GC heap after
{Heap after GC invocations=1498 (full 4):
 PSYoungGen      total 6144K, used 416K [0x00000000eab00000, 0x00000000eb600000, 0x0000000100000000)
  eden space 5120K, 0% used [0x00000000eab00000,0x00000000eab00000,0x00000000eb000000)
  from space 1024K, 40% used [0x00000000eb400000,0x00000000eb468020,0x00000000eb500000)
  to   space 512K, 0% used [0x00000000eb580000,0x00000000eb580000,0x00000000eb600000)
 ParOldGen       total 505344K, used 505300K [0x00000000c0000000, 0x00000000ded80000, 0x00000000eab00000)
  object space 505344K, 99% used [0x00000000c0000000,0x00000000ded750f0,0x00000000ded80000)
 Metaspace       used 74608K, committed 76352K, reserved 1179648K
  class space    used 7661K, committed 8448K, reserved 1048576K
}
Event: 96.935 GC heap before
{Heap before GC invocations=1499 (full 4):
 PSYoungGen      total 6144K, used 5536K [0x00000000eab00000, 0x00000000eb600000, 0x0000000100000000)
  eden space 5120K, 100% used [0x00000000eab00000,0x00000000eb000000,0x00000000eb000000)
  from space 1024K, 40% used [0x00000000eb400000,0x00000000eb468020,0x00000000eb500000)
  to   space 512K, 0% used [0x00000000eb580000,0x00000000eb580000,0x00000000eb600000)
 ParOldGen       total 505344K, used 505300K [0x00000000c0000000, 0x00000000ded80000, 0x00000000eab00000)
  object space 505344K, 99% used [0x00000000c0000000,0x00000000ded750f0,0x00000000ded80000)
 Metaspace       used 74783K, committed 76480K, reserved 1179648K
  class space    used 7673K, committed 8448K, reserved 1048576K
}
Event: 96.936 GC heap after
{Heap after GC invocations=1499 (full 4):
 PSYoungGen      total 5632K, used 378K [0x00000000eab00000, 0x00000000eb600000, 0x0000000100000000)
  eden space 5120K, 0% used [0x00000000eab00000,0x00000000eab00000,0x00000000eb000000)
  from space 512K, 73% used [0x00000000eb580000,0x00000000eb5de900,0x00000000eb600000)
  to   space 512K, 0% used [0x00000000eb500000,0x00000000eb500000,0x00000000eb580000)
 ParOldGen       total 505856K, used 505428K [0x00000000c0000000, 0x00000000dee00000, 0x00000000eab00000)
  object space 505856K, 99% used [0x00000000c0000000,0x00000000ded95110,0x00000000dee00000)
 Metaspace       used 74783K, committed 76480K, reserved 1179648K
  class space    used 7673K, committed 8448K, reserved 1048576K
}
Event: 96.991 GC heap before
{Heap before GC invocations=1500 (full 4):
 PSYoungGen      total 5632K, used 5498K [0x00000000eab00000, 0x00000000eb600000, 0x0000000100000000)
  eden space 5120K, 100% used [0x00000000eab00000,0x00000000eb000000,0x00000000eb000000)
  from space 512K, 73% used [0x00000000eb580000,0x00000000eb5de900,0x00000000eb600000)
  to   space 512K, 0% used [0x00000000eb500000,0x00000000eb500000,0x00000000eb580000)
 ParOldGen       total 505856K, used 505428K [0x00000000c0000000, 0x00000000dee00000, 0x00000000eab00000)
  object space 505856K, 99% used [0x00000000c0000000,0x00000000ded95110,0x00000000dee00000)
 Metaspace       used 74858K, committed 76544K, reserved 1179648K
  class space    used 7675K, committed 8448K, reserved 1048576K
}
Event: 96.992 GC heap after
{Heap after GC invocations=1500 (full 4):
 PSYoungGen      total 5632K, used 512K [0x00000000eab00000, 0x00000000eb600000, 0x0000000100000000)
  eden space 5120K, 0% used [0x00000000eab00000,0x00000000eab00000,0x00000000eb000000)
  from space 512K, 100% used [0x00000000eb500000,0x00000000eb580000,0x00000000eb580000)
  to   space 512K, 0% used [0x00000000eb580000,0x00000000eb580000,0x00000000eb600000)
 ParOldGen       total 506368K, used 505920K [0x00000000c0000000, 0x00000000dee80000, 0x00000000eab00000)
  object space 506368K, 99% used [0x00000000c0000000,0x00000000dee10350,0x00000000dee80000)
 Metaspace       used 74858K, committed 76544K, reserved 1179648K
  class space    used 7675K, committed 8448K, reserved 1048576K
}
Event: 97.117 GC heap before
{Heap before GC invocations=1501 (full 4):
 PSYoungGen      total 5632K, used 5632K [0x00000000eab00000, 0x00000000eb600000, 0x0000000100000000)
  eden space 5120K, 100% used [0x00000000eab00000,0x00000000eb000000,0x00000000eb000000)
  from space 512K, 100% used [0x00000000eb500000,0x00000000eb580000,0x00000000eb580000)
  to   space 512K, 0% used [0x00000000eb580000,0x00000000eb580000,0x00000000eb600000)
 ParOldGen       total 506368K, used 505920K [0x00000000c0000000, 0x00000000dee80000, 0x00000000eab00000)
  object space 506368K, 99% used [0x00000000c0000000,0x00000000dee10350,0x00000000dee80000)
 Metaspace       used 74893K, committed 76608K, reserved 1179648K
  class space    used 7675K, committed 8448K, reserved 1048576K
}
Event: 97.119 GC heap after
{Heap after GC invocations=1501 (full 4):
 PSYoungGen      total 5632K, used 490K [0x00000000eab00000, 0x00000000eb600000, 0x0000000100000000)
  eden space 5120K, 0% used [0x00000000eab00000,0x00000000eab00000,0x00000000eb000000)
  from space 512K, 95% used [0x00000000eb580000,0x00000000eb5fa910,0x00000000eb600000)
  to   space 1536K, 0% used [0x00000000eb300000,0x00000000eb300000,0x00000000eb480000)
 ParOldGen       total 506880K, used 506492K [0x00000000c0000000, 0x00000000def00000, 0x00000000eab00000)
  object space 506880K, 99% used [0x00000000c0000000,0x00000000dee9f358,0x00000000def00000)
 Metaspace       used 74893K, committed 76608K, reserved 1179648K
  class space    used 7675K, committed 8448K, reserved 1048576K
}
Event: 97.313 GC heap before
{Heap before GC invocations=1502 (full 4):
 PSYoungGen      total 5632K, used 5610K [0x00000000eab00000, 0x00000000eb600000, 0x0000000100000000)
  eden space 5120K, 100% used [0x00000000eab00000,0x00000000eb000000,0x00000000eb000000)
  from space 512K, 95% used [0x00000000eb580000,0x00000000eb5fa910,0x00000000eb600000)
  to   space 1536K, 0% used [0x00000000eb300000,0x00000000eb300000,0x00000000eb480000)
 ParOldGen       total 506880K, used 506492K [0x00000000c0000000, 0x00000000def00000, 0x00000000eab00000)
  object space 506880K, 99% used [0x00000000c0000000,0x00000000dee9f358,0x00000000def00000)
 Metaspace       used 74978K, committed 76672K, reserved 1179648K
  class space    used 7675K, committed 8448K, reserved 1048576K
}
Event: 97.315 GC heap after
{Heap after GC invocations=1502 (full 4):
 PSYoungGen      total 6656K, used 544K [0x00000000eab00000, 0x00000000eb600000, 0x0000000100000000)
  eden space 5120K, 0% used [0x00000000eab00000,0x00000000eab00000,0x00000000eb000000)
  from space 1536K, 35% used [0x00000000eb300000,0x00000000eb388000,0x00000000eb480000)
  to   space 1024K, 0% used [0x00000000eb500000,0x00000000eb500000,0x00000000eb600000)
 ParOldGen       total 507392K, used 506937K [0x00000000c0000000, 0x00000000def80000, 0x00000000eab00000)
  object space 507392K, 99% used [0x00000000c0000000,0x00000000def0e578,0x00000000def80000)
 Metaspace       used 74978K, committed 76672K, reserved 1179648K
  class space    used 7675K, committed 8448K, reserved 1048576K
}
Event: 97.357 GC heap before
{Heap before GC invocations=1503 (full 4):
 PSYoungGen      total 6656K, used 5664K [0x00000000eab00000, 0x00000000eb600000, 0x0000000100000000)
  eden space 5120K, 100% used [0x00000000eab00000,0x00000000eb000000,0x00000000eb000000)
  from space 1536K, 35% used [0x00000000eb300000,0x00000000eb388000,0x00000000eb480000)
  to   space 1024K, 0% used [0x00000000eb500000,0x00000000eb500000,0x00000000eb600000)
 ParOldGen       total 507392K, used 506937K [0x00000000c0000000, 0x00000000def80000, 0x00000000eab00000)
  object space 507392K, 99% used [0x00000000c0000000,0x00000000def0e578,0x00000000def80000)
 Metaspace       used 75023K, committed 76736K, reserved 1179648K
  class space    used 7675K, committed 8448K, reserved 1048576K
}
Event: 97.358 GC heap after
{Heap after GC invocations=1503 (full 4):
 PSYoungGen      total 6144K, used 698K [0x00000000eab00000, 0x00000000eb600000, 0x0000000100000000)
  eden space 5120K, 0% used [0x00000000eab00000,0x00000000eab00000,0x00000000eb000000)
  from space 1024K, 68% used [0x00000000eb500000,0x00000000eb5ae920,0x00000000eb600000)
  to   space 1024K, 0% used [0x00000000eb400000,0x00000000eb400000,0x00000000eb500000)
 ParOldGen       total 507392K, used 507327K [0x00000000c0000000, 0x00000000def80000, 0x00000000eab00000)
  object space 507392K, 99% used [0x00000000c0000000,0x00000000def6fcf8,0x00000000def80000)
 Metaspace       used 75023K, committed 76736K, reserved 1179648K
  class space    used 7675K, committed 8448K, reserved 1048576K
}
Event: 97.386 GC heap before
{Heap before GC invocations=1504 (full 4):
 PSYoungGen      total 6144K, used 5818K [0x00000000eab00000, 0x00000000eb600000, 0x0000000100000000)
  eden space 5120K, 100% used [0x00000000eab00000,0x00000000eb000000,0x00000000eb000000)
  from space 1024K, 68% used [0x00000000eb500000,0x00000000eb5ae920,0x00000000eb600000)
  to   space 1024K, 0% used [0x00000000eb400000,0x00000000eb400000,0x00000000eb500000)
 ParOldGen       total 507392K, used 507327K [0x00000000c0000000, 0x00000000def80000, 0x00000000eab00000)
  object space 507392K, 99% used [0x00000000c0000000,0x00000000def6fcf8,0x00000000def80000)
 Metaspace       used 75037K, committed 76736K, reserved 1179648K
  class space    used 7675K, committed 8448K, reserved 1048576K
}
Event: 97.387 GC heap after
{Heap after GC invocations=1504 (full 4):
 PSYoungGen      total 6144K, used 730K [0x00000000eab00000, 0x00000000eb580000, 0x0000000100000000)
  eden space 5120K, 0% used [0x00000000eab00000,0x00000000eab00000,0x00000000eb000000)
  from space 1024K, 71% used [0x00000000eb400000,0x00000000eb4b6900,0x00000000eb500000)
  to   space 512K, 0% used [0x00000000eb500000,0x00000000eb500000,0x00000000eb580000)
 ParOldGen       total 507904K, used 507891K [0x00000000c0000000, 0x00000000df000000, 0x00000000eab00000)
  object space 507904K, 99% used [0x00000000c0000000,0x00000000deffcf48,0x00000000df000000)
 Metaspace       used 75037K, committed 76736K, reserved 1179648K
  class space    used 7675K, committed 8448K, reserved 1048576K
}

